This is pdfTeX, Version 3.141592653-2.6-1.40.27 (MiKTeX 25.3) (preloaded format=pdflatex 2025.3.14)  18 MAR 2025 01:39
entering extended mode
 restricted \write18 enabled.
 file:line:error style messages enabled.
 %&-line parsing enabled.
**"d:/Codes/General Projects/Internet-Programming/RAD/main.tex"
(d:/Codes/General Projects/Internet-Programming/RAD/main.tex
LaTeX2e <2024-11-01> patch level 2
L3 programming layer <2025-01-18>
(C:\Users\mahmu\AppData\Local\Programs\MiKTeX\tex/latex/base\article.cls
Document Class: article 2024/06/29 v1.4n Standard LaTeX document class
(C:\Users\mahmu\AppData\Local\Programs\MiKTeX\tex/latex/base\size11.clo
File: size11.clo 2024/06/29 v1.4n Standard LaTeX file (size option)
)
\c@part=\count196
\c@section=\count197
\c@subsection=\count198
\c@subsubsection=\count199
\c@paragraph=\count266
\c@subparagraph=\count267
\c@figure=\count268
\c@table=\count269
\abovecaptionskip=\skip49
\belowcaptionskip=\skip50
\bibindent=\dimen141
) (C:\Users\mahmu\AppData\Local\Programs\MiKTeX\tex/latex/graphics\graphicx.sty
Package: graphicx 2021/09/16 v1.2d Enhanced LaTeX Graphics (DPC,SPQR)
 (C:\Users\mahmu\AppData\Local\Programs\MiKTeX\tex/latex/graphics\keyval.sty
Package: keyval 2022/05/29 v1.15 key=value parser (DPC)
\KV@toks@=\toks17
) (C:\Users\mahmu\AppData\Local\Programs\MiKTeX\tex/latex/graphics\graphics.sty
Package: graphics 2024/08/06 v1.4g Standard LaTeX Graphics (DPC,SPQR)
 (C:\Users\mahmu\AppData\Local\Programs\MiKTeX\tex/latex/graphics\trig.sty
Package: trig 2023/12/02 v1.11 sin cos tan (DPC)
) (C:\Users\mahmu\AppData\Local\Programs\MiKTeX\tex/latex/graphics-cfg\graphics.cfg
File: graphics.cfg 2016/06/04 v1.11 sample graphics configuration
)
Package graphics Info: Driver file: pdftex.def on input line 106.
 (C:\Users\mahmu\AppData\Local\Programs\MiKTeX\tex/latex/graphics-def\pdftex.def
File: pdftex.def 2024/04/13 v1.2c Graphics/color driver for pdftex
))
\Gin@req@height=\dimen142
\Gin@req@width=\dimen143
) (C:\Users\mahmu\AppData\Local\Programs\MiKTeX\tex/latex/url\url.sty
\Urlmuskip=\muskip17
Package: url 2013/09/16  ver 3.4  Verb mode for urls, etc.
) (C:\Users\mahmu\AppData\Local\Programs\MiKTeX\tex/latex/hyperref\hyperref.sty
Package: hyperref 2024-11-05 v7.01l Hypertext links for LaTeX
 (C:\Users\mahmu\AppData\Local\Programs\MiKTeX\tex/generic/iftex\iftex.sty
Package: iftex 2024/12/12 v1.0g TeX engine tests
) (C:\Users\mahmu\AppData\Local\Programs\MiKTeX\tex/latex/kvsetkeys\kvsetkeys.sty
Package: kvsetkeys 2022-10-05 v1.19 Key value parser (HO)
) (C:\Users\mahmu\AppData\Local\Programs\MiKTeX\tex/generic/kvdefinekeys\kvdefinekeys.sty
Package: kvdefinekeys 2019-12-19 v1.6 Define keys (HO)
) (C:\Users\mahmu\AppData\Local\Programs\MiKTeX\tex/generic/pdfescape\pdfescape.sty
Package: pdfescape 2019/12/09 v1.15 Implements pdfTeX's escape features (HO)
 (C:\Users\mahmu\AppData\Local\Programs\MiKTeX\tex/generic/ltxcmds\ltxcmds.sty
Package: ltxcmds 2023-12-04 v1.26 LaTeX kernel commands for general use (HO)
) (C:\Users\mahmu\AppData\Local\Programs\MiKTeX\tex/generic/pdftexcmds\pdftexcmds.sty
Package: pdftexcmds 2020-06-27 v0.33 Utility functions of pdfTeX for LuaTeX (HO)
 (C:\Users\mahmu\AppData\Local\Programs\MiKTeX\tex/generic/infwarerr\infwarerr.sty
Package: infwarerr 2019/12/03 v1.5 Providing info/warning/error messages (HO)
)
Package pdftexcmds Info: \pdf@primitive is available.
Package pdftexcmds Info: \pdf@ifprimitive is available.
Package pdftexcmds Info: \pdfdraftmode found.
)) (C:\Users\mahmu\AppData\Local\Programs\MiKTeX\tex/latex/hycolor\hycolor.sty
Package: hycolor 2020-01-27 v1.10 Color options for hyperref/bookmark (HO)
) (C:\Users\mahmu\AppData\Local\Programs\MiKTeX\tex/latex/hyperref\nameref.sty
Package: nameref 2023-11-26 v2.56 Cross-referencing by name of section
 (C:\Users\mahmu\AppData\Local\Programs\MiKTeX\tex/latex/refcount\refcount.sty
Package: refcount 2019/12/15 v3.6 Data extraction from label references (HO)
) (C:\Users\mahmu\AppData\Local\Programs\MiKTeX\tex/generic/gettitlestring\gettitlestring.sty
Package: gettitlestring 2019/12/15 v1.6 Cleanup title references (HO)
 (C:\Users\mahmu\AppData\Local\Programs\MiKTeX\tex/latex/kvoptions\kvoptions.sty
Package: kvoptions 2022-06-15 v3.15 Key value format for package options (HO)
))
\c@section@level=\count270
) (C:\Users\mahmu\AppData\Local\Programs\MiKTeX\tex/latex/etoolbox\etoolbox.sty
Package: etoolbox 2025/02/11 v2.5l e-TeX tools for LaTeX (JAW)
\etb@tempcnta=\count271
) (C:\Users\mahmu\AppData\Local\Programs\MiKTeX\tex/generic/stringenc\stringenc.sty
Package: stringenc 2019/11/29 v1.12 Convert strings between diff. encodings (HO)
)
\@linkdim=\dimen144
\Hy@linkcounter=\count272
\Hy@pagecounter=\count273
 (C:\Users\mahmu\AppData\Local\Programs\MiKTeX\tex/latex/hyperref\pd1enc.def
File: pd1enc.def 2024-11-05 v7.01l Hyperref: PDFDocEncoding definition (HO)
Now handling font encoding PD1 ...
... no UTF-8 mapping file for font encoding PD1
) (C:\Users\mahmu\AppData\Local\Programs\MiKTeX\tex/generic/intcalc\intcalc.sty
Package: intcalc 2019/12/15 v1.3 Expandable calculations with integers (HO)
)
\Hy@SavedSpaceFactor=\count274
 (C:\Users\mahmu\AppData\Local\Programs\MiKTeX\tex/latex/hyperref\puenc.def
File: puenc.def 2024-11-05 v7.01l Hyperref: PDF Unicode definition (HO)
Now handling font encoding PU ...
... no UTF-8 mapping file for font encoding PU
)
Package hyperref Info: Hyper figures OFF on input line 4157.
Package hyperref Info: Link nesting OFF on input line 4162.
Package hyperref Info: Hyper index ON on input line 4165.
Package hyperref Info: Plain pages OFF on input line 4172.
Package hyperref Info: Backreferencing OFF on input line 4177.
Package hyperref Info: Implicit mode ON; LaTeX internals redefined.
Package hyperref Info: Bookmarks ON on input line 4424.
\c@Hy@tempcnt=\count275
LaTeX Info: Redefining \url on input line 4763.
\XeTeXLinkMargin=\dimen145
 (C:\Users\mahmu\AppData\Local\Programs\MiKTeX\tex/generic/bitset\bitset.sty
Package: bitset 2019/12/09 v1.3 Handle bit-vector datatype (HO)
 (C:\Users\mahmu\AppData\Local\Programs\MiKTeX\tex/generic/bigintcalc\bigintcalc.sty
Package: bigintcalc 2019/12/15 v1.5 Expandable calculations on big integers (HO)
))
\Fld@menulength=\count276
\Field@Width=\dimen146
\Fld@charsize=\dimen147
Package hyperref Info: Hyper figures OFF on input line 6042.
Package hyperref Info: Link nesting OFF on input line 6047.
Package hyperref Info: Hyper index ON on input line 6050.
Package hyperref Info: backreferencing OFF on input line 6057.
Package hyperref Info: Link coloring OFF on input line 6062.
Package hyperref Info: Link coloring with OCG OFF on input line 6067.
Package hyperref Info: PDF/A mode OFF on input line 6072.
 (C:\Users\mahmu\AppData\Local\Programs\MiKTeX\tex/latex/base\atbegshi-ltx.sty
Package: atbegshi-ltx 2021/01/10 v1.0c Emulation of the original atbegshi
package with kernel methods
)
\Hy@abspage=\count277
\c@Item=\count278
\c@Hfootnote=\count279
)
Package hyperref Info: Driver (autodetected): hpdftex.
 (C:\Users\mahmu\AppData\Local\Programs\MiKTeX\tex/latex/hyperref\hpdftex.def
File: hpdftex.def 2024-11-05 v7.01l Hyperref driver for pdfTeX
 (C:\Users\mahmu\AppData\Local\Programs\MiKTeX\tex/latex/base\atveryend-ltx.sty
Package: atveryend-ltx 2020/08/19 v1.0a Emulation of the original atveryend package
with kernel methods
)
\Fld@listcount=\count280
\c@bookmark@seq@number=\count281
 (C:\Users\mahmu\AppData\Local\Programs\MiKTeX\tex/latex/rerunfilecheck\rerunfilecheck.sty
Package: rerunfilecheck 2022-07-10 v1.10 Rerun checks for auxiliary files (HO)
 (C:\Users\mahmu\AppData\Local\Programs\MiKTeX\tex/generic/uniquecounter\uniquecounter.sty
Package: uniquecounter 2019/12/15 v1.4 Provide unlimited unique counter (HO)
)
Package uniquecounter Info: New unique counter `rerunfilecheck' on input line 285.
)
\Hy@SectionHShift=\skip51
) (C:\Users\mahmu\AppData\Local\Programs\MiKTeX\tex/latex/xcolor\xcolor.sty
Package: xcolor 2024/09/29 v3.02 LaTeX color extensions (UK)
 (C:\Users\mahmu\AppData\Local\Programs\MiKTeX\tex/latex/graphics-cfg\color.cfg
File: color.cfg 2016/01/02 v1.6 sample color configuration
)
Package xcolor Info: Driver file: pdftex.def on input line 274.
 (C:\Users\mahmu\AppData\Local\Programs\MiKTeX\tex/latex/graphics\mathcolor.ltx)
Package xcolor Info: Model `cmy' substituted by `cmy0' on input line 1349.
Package xcolor Info: Model `hsb' substituted by `rgb' on input line 1353.
Package xcolor Info: Model `RGB' extended on input line 1365.
Package xcolor Info: Model `HTML' substituted by `rgb' on input line 1367.
Package xcolor Info: Model `Hsb' substituted by `hsb' on input line 1368.
Package xcolor Info: Model `tHsb' substituted by `hsb' on input line 1369.
Package xcolor Info: Model `HSB' substituted by `hsb' on input line 1370.
Package xcolor Info: Model `Gray' substituted by `gray' on input line 1371.
Package xcolor Info: Model `wave' substituted by `hsb' on input line 1372.
) (C:\Users\mahmu\AppData\Local\Programs\MiKTeX\tex/latex/enumitem\enumitem.sty
Package: enumitem 2025/02/06 v3.11 Customized lists
\labelindent=\skip52
\enit@outerparindent=\dimen148
\enit@toks=\toks18
\enit@inbox=\box52
\enit@count@id=\count282
\enitdp@description=\count283
) (C:\Users\mahmu\AppData\Local\Programs\MiKTeX\tex/latex/float\float.sty
Package: float 2001/11/08 v1.3d Float enhancements (AL)
\c@float@type=\count284
\float@exts=\toks19
\float@box=\box53
\@float@everytoks=\toks20
\@floatcapt=\box54
) (C:\Users\mahmu\AppData\Local\Programs\MiKTeX\tex/latex/listings\listings.sty
\lst@mode=\count285
\lst@gtempboxa=\box55
\lst@token=\toks21
\lst@length=\count286
\lst@currlwidth=\dimen149
\lst@column=\count287
\lst@pos=\count288
\lst@lostspace=\dimen150
\lst@width=\dimen151
\lst@newlines=\count289
\lst@lineno=\count290
\lst@maxwidth=\dimen152
 (C:\Users\mahmu\AppData\Local\Programs\MiKTeX\tex/latex/listings\lstpatch.sty
File: lstpatch.sty 2024/09/23 1.10c (Carsten Heinz)
) (C:\Users\mahmu\AppData\Local\Programs\MiKTeX\tex/latex/listings\lstmisc.sty
File: lstmisc.sty 2024/09/23 1.10c (Carsten Heinz)
\c@lstnumber=\count291
\lst@skipnumbers=\count292
\lst@framebox=\box56
) (C:\Users\mahmu\AppData\Local\Programs\MiKTeX\tex/latex/listings\listings.cfg
File: listings.cfg 2024/09/23 1.10c listings configuration
))
Package: listings 2024/09/23 1.10c (Carsten Heinz)
 (C:\Users\mahmu\AppData\Local\Programs\MiKTeX\tex/latex/tools\multicol.sty
Package: multicol 2024/09/14 v1.9i multicolumn formatting (FMi)
\c@tracingmulticols=\count293
\mult@box=\box57
\multicol@leftmargin=\dimen153
\c@unbalance=\count294
\c@collectmore=\count295
\doublecol@number=\count296
\multicoltolerance=\count297
\multicolpretolerance=\count298
\full@width=\dimen154
\page@free=\dimen155
\premulticols=\dimen156
\postmulticols=\dimen157
\multicolsep=\skip53
\multicolbaselineskip=\skip54
\partial@page=\box58
\last@line=\box59
\mc@boxedresult=\box60
\maxbalancingoverflow=\dimen158
\mult@rightbox=\box61
\mult@grightbox=\box62
\mult@firstbox=\box63
\mult@gfirstbox=\box64
\@tempa=\box65
\@tempa=\box66
\@tempa=\box67
\@tempa=\box68
\@tempa=\box69
\@tempa=\box70
\@tempa=\box71
\@tempa=\box72
\@tempa=\box73
\@tempa=\box74
\@tempa=\box75
\@tempa=\box76
\@tempa=\box77
\@tempa=\box78
\@tempa=\box79
\@tempa=\box80
\@tempa=\box81
\@tempa=\box82
\@tempa=\box83
\@tempa=\box84
\@tempa=\box85
\@tempa=\box86
\@tempa=\box87
\@tempa=\box88
\@tempa=\box89
\@tempa=\box90
\@tempa=\box91
\@tempa=\box92
\@tempa=\box93
\@tempa=\box94
\@tempa=\box95
\@tempa=\box96
\@tempa=\box97
\@tempa=\box98
\@tempa=\box99
\@tempa=\box100
\c@minrows=\count299
\c@columnbadness=\count300
\c@finalcolumnbadness=\count301
\last@try=\dimen159
\multicolovershoot=\dimen160
\multicolundershoot=\dimen161
\mult@nat@firstbox=\box101
\colbreak@box=\box102
\mc@col@check@num=\count302
) (C:\Users\mahmu\AppData\Local\Programs\MiKTeX\tex/latex/tools\verbatim.sty
Package: verbatim 2024-01-22 v1.5x LaTeX2e package for verbatim enhancements
\every@verbatim=\toks22
\verbatim@line=\toks23
\verbatim@in@stream=\read2
) (C:\Users\mahmu\AppData\Local\Programs\MiKTeX\tex/latex/placeins\placeins.sty
Package: placeins 2005/04/18  v 2.2
) (C:\Users\mahmu\AppData\Local\Programs\MiKTeX\tex/latex/ulem\ulem.sty
\UL@box=\box103
\UL@hyphenbox=\box104
\UL@skip=\skip55
\UL@hook=\toks24
\UL@height=\dimen162
\UL@pe=\count303
\UL@pixel=\dimen163
\ULC@box=\box105
Package: ulem 2019/11/18
\ULdepth=\dimen164
) (C:\Users\mahmu\AppData\Local\Programs\MiKTeX\tex/latex/tools\array.sty
Package: array 2024/10/17 v2.6g Tabular extension package (FMi)
\col@sep=\dimen165
\ar@mcellbox=\box106
\extrarowheight=\dimen166
\NC@list=\toks25
\extratabsurround=\skip56
\backup@length=\skip57
\ar@cellbox=\box107
)
Package hyperref Info: Option `colorlinks' set `true' on input line 20.
\enitdp@customItemize=\count304
 (C:\Users\mahmu\AppData\Local\Programs\MiKTeX\tex/latex/l3backend\l3backend-pdftex.def
File: l3backend-pdftex.def 2024-05-08 L3 backend support: PDF output (pdfTeX)
\l__color_backend_stack_int=\count305
\l__pdf_internal_box=\box108
) (main.aux)
\openout1 = `main.aux'.

LaTeX Font Info:    Checking defaults for OML/cmm/m/it on input line 72.
LaTeX Font Info:    ... okay on input line 72.
LaTeX Font Info:    Checking defaults for OMS/cmsy/m/n on input line 72.
LaTeX Font Info:    ... okay on input line 72.
LaTeX Font Info:    Checking defaults for OT1/cmr/m/n on input line 72.
LaTeX Font Info:    ... okay on input line 72.
LaTeX Font Info:    Checking defaults for T1/cmr/m/n on input line 72.
LaTeX Font Info:    ... okay on input line 72.
LaTeX Font Info:    Checking defaults for TS1/cmr/m/n on input line 72.
LaTeX Font Info:    ... okay on input line 72.
LaTeX Font Info:    Checking defaults for OMX/cmex/m/n on input line 72.
LaTeX Font Info:    ... okay on input line 72.
LaTeX Font Info:    Checking defaults for U/cmr/m/n on input line 72.
LaTeX Font Info:    ... okay on input line 72.
LaTeX Font Info:    Checking defaults for PD1/pdf/m/n on input line 72.
LaTeX Font Info:    ... okay on input line 72.
LaTeX Font Info:    Checking defaults for PU/pdf/m/n on input line 72.
LaTeX Font Info:    ... okay on input line 72.
 (C:\Users\mahmu\AppData\Local\Programs\MiKTeX\tex/context/base/mkii\supp-pdf.mkii
[Loading MPS to PDF converter (version 2006.09.02).]
\scratchcounter=\count306
\scratchdimen=\dimen167
\scratchbox=\box109
\nofMPsegments=\count307
\nofMParguments=\count308
\everyMPshowfont=\toks26
\MPscratchCnt=\count309
\MPscratchDim=\dimen168
\MPnumerator=\count310
\makeMPintoPDFobject=\count311
\everyMPtoPDFconversion=\toks27
) (C:\Users\mahmu\AppData\Local\Programs\MiKTeX\tex/latex/epstopdf-pkg\epstopdf-base.sty
Package: epstopdf-base 2020-01-24 v2.11 Base part for package epstopdf
Package epstopdf-base Info: Redefining graphics rule for `.eps' on input line 485.
 (C:\Users\mahmu\AppData\Local\Programs\MiKTeX\tex/latex/00miktex\epstopdf-sys.cfg
File: epstopdf-sys.cfg 2021/03/18 v2.0 Configuration of epstopdf for MiKTeX
))
Package hyperref Info: Link coloring ON on input line 72.
 (main.out) (main.out)
\@outlinefile=\write3
\openout3 = `main.out'.

\c@lstlisting=\count312
<du.png, id=103, 808.01875pt x 1027.84pt>
File: du.png Graphic file (type png)
<use du.png>
Package pdftex.def Info: du.png  used on input line 75.
(pdftex.def)             Requested size: 80.80661pt x 102.79001pt.


[1

{C:/Users/mahmu/AppData/Local/MiKTeX/fonts/map/pdftex/pdftex.map} <./du.png>]

[2] (main.toc
LaTeX Font Info:    External font `cmex10' loaded for size
(Font)              <10.95> on input line 2.
LaTeX Font Info:    External font `cmex10' loaded for size
(Font)              <8> on input line 2.
LaTeX Font Info:    External font `cmex10' loaded for size
(Font)              <6> on input line 2.
)
\tf@toc=\write4
\openout4 = `main.toc'.




pdfTeX warning (ext4): destination with the same identifier (name{page.1}) has been already used, duplicate ignored
<to be read again> 
                   \relax 
l.121 \newpage
               [1]


pdfTeX warning (ext4): destination with the same identifier (name{page.2}) has been already used, duplicate ignored
<to be read again> 
                   \relax 
l.145     \item \textbf
                       {Improve User Experience:} Develop an intuitive and r... [2]

[3]
Overfull \hbox (4.81473pt too wide) in paragraph at lines 175--176
[][][][]\OT1/cmr/bx/it/10.95 FastAPI[][][]\OT1/cmr/m/n/10.95 : A mod-ern, fast (high-performance) web frame-work for build-
 []


Underfull \hbox (badness 1609) in paragraph at lines 191--192
[]\OT1/cmr/m/n/10.95 React Doc-u-men-ta-tion. \OT1/cmr/m/it/10.95 Re-act { A JavaScript Li-brary for Build-
 []


Underfull \hbox (badness 2253) in paragraph at lines 191--192
\OT1/cmr/m/it/10.95 ing User In-ter-faces\OT1/cmr/m/n/10.95 . Avail-able at: [][]$\OT1/cmtt/m/n/10.95 https : / / reactjs . org / docs /
 []


Underfull \hbox (badness 3547) in paragraph at lines 193--194
\OT1/cmr/m/it/10.95 Web Frame-work for Python\OT1/cmr/m/n/10.95 . Avail-able at: [][]$\OT1/cmtt/m/n/10.95 https : / / fastapi .
 []



[4]

[5]

[6]
Overfull \hbox (27.02626pt too wide) in paragraph at lines 286--287
[]\OT1/cmr/bx/n/10.95 Technical Fea-si-bil-ity: \OT1/cmr/m/n/10.95 The cho-sen tech-nol-ogy stack ([][][]\OT1/cmr/bx/it/10.95 Re-ac-tJS[][][]\OT1/cmr/m/n/10.95 , [][][]\OT1/cmr/bx/it/10.95 FastAPI[][][]\OT1/cmr/m/n/10.95 ,
 []



[7]
Overfull \hbox (8.6089pt too wide) in paragraph at lines 311--311
[]|\OT1/cmr/bx/n/10.95 Description| 
 []


Overfull \hbox (4.47768pt too wide) in paragraph at lines 305--326
 [] 
 []


Overfull \hbox (8.6089pt too wide) in paragraph at lines 337--337
[]|\OT1/cmr/bx/n/10.95 Description| 
 []


Underfull \hbox (badness 1354) in paragraph at lines 340--341
\OT1/cmr/m/n/10.95 ner, Re-search, Aca-demics, Events, Fa-cil-i-ties and
 []


Overfull \hbox (4.47768pt too wide) in paragraph at lines 331--350
 [] 
 []



[8]
Overfull \hbox (8.6089pt too wide) in paragraph at lines 359--359
[]|\OT1/cmr/bx/n/10.95 Description| 
 []


Overfull \hbox (4.47768pt too wide) in paragraph at lines 353--372
 [] 
 []


Overfull \hbox (8.6089pt too wide) in paragraph at lines 384--384
[]|\OT1/cmr/bx/n/10.95 Description| 
 []


Overfull \hbox (4.47768pt too wide) in paragraph at lines 378--397
 [] 
 []



[9]
Overfull \hbox (8.6089pt too wide) in paragraph at lines 409--409
[]|\OT1/cmr/bx/n/10.95 Description| 
 []


Overfull \hbox (4.47768pt too wide) in paragraph at lines 403--422
 [] 
 []


Overfull \hbox (8.6089pt too wide) in paragraph at lines 433--433
[]|\OT1/cmr/bx/n/10.95 Description| 
 []


Overfull \hbox (4.47768pt too wide) in paragraph at lines 427--444
 [] 
 []



[10]
Overfull \hbox (8.6089pt too wide) in paragraph at lines 455--455
[]|\OT1/cmr/bx/n/10.95 Description| 
 []


Underfull \hbox (badness 1708) in paragraph at lines 458--459
[]\OT1/cmr/m/n/10.95 Provide links to fac-ulty mem-bers' LinkedIn and
 []


Overfull \hbox (4.47768pt too wide) in paragraph at lines 449--467
 [] 
 []


Overfull \hbox (8.6089pt too wide) in paragraph at lines 479--479
[]|\OT1/cmr/bx/n/10.95 Description| 
 []


Overfull \hbox (4.47768pt too wide) in paragraph at lines 473--491
 [] 
 []



[11]
Overfull \hbox (8.6089pt too wide) in paragraph at lines 503--503
[]|\OT1/cmr/bx/n/10.95 Description| 
 []


Overfull \hbox (4.47768pt too wide) in paragraph at lines 497--516
 [] 
 []


Overfull \hbox (8.6089pt too wide) in paragraph at lines 528--528
[]|\OT1/cmr/bx/n/10.95 Description| 
 []


Overfull \hbox (4.47768pt too wide) in paragraph at lines 522--540
 [] 
 []



[12]
Overfull \hbox (8.6089pt too wide) in paragraph at lines 551--551
[]|\OT1/cmr/bx/n/10.95 Description| 
 []


Overfull \hbox (4.47768pt too wide) in paragraph at lines 545--564
 [] 
 []


Overfull \hbox (8.6089pt too wide) in paragraph at lines 575--575
[]|\OT1/cmr/bx/n/10.95 Description| 
 []


Overfull \hbox (4.47768pt too wide) in paragraph at lines 569--588
 [] 
 []



[13]
Overfull \hbox (8.6089pt too wide) in paragraph at lines 600--600
[]|\OT1/cmr/bx/n/10.95 Description| 
 []


Overfull \hbox (4.47768pt too wide) in paragraph at lines 594--611
 [] 
 []


Overfull \hbox (8.6089pt too wide) in paragraph at lines 622--622
[]|\OT1/cmr/bx/n/10.95 Description| 
 []


Overfull \hbox (4.47768pt too wide) in paragraph at lines 616--632
 [] 
 []



[14]
Overfull \hbox (8.6089pt too wide) in paragraph at lines 643--643
[]|\OT1/cmr/bx/n/10.95 Description| 
 []


Overfull \hbox (4.47768pt too wide) in paragraph at lines 637--656
 [] 
 []



[15]

[16]
Overfull \hbox (1.38057pt too wide) in paragraph at lines 698--699
[]\OT1/cmr/m/n/10.95 Logging and mon-i-tor-ing should be im-ple-mented us-ing \OT1/cmr/bx/n/10.95 ELK stack
 []


Overfull \hbox (10.21278pt too wide) in paragraph at lines 711--712
[]\OT1/cmr/m/n/10.95 The back-end should be de-ploy-able on \OT1/cmr/bx/n/10.95 Linux-based cloud servers\OT1/cmr/m/n/10.95 . 
 []


Overfull \hbox (4.80313pt too wide) in paragraph at lines 712--713
[]\OT1/cmr/m/n/10.95 The database should sup-port ei-ther \OT1/cmr/bx/n/10.95 SQL-based re-la-tional mod-
 []


Overfull \hbox (10.46866pt too wide) in paragraph at lines 712--713
\OT1/cmr/bx/n/10.95 els (Post-greSQL/MySQL/SQLite) \OT1/cmr/m/n/10.95 or \OT1/cmr/bx/n/10.95 no SQL mod-els (Mon-
 []



[17]

[18]

[19]

[20]

[21]
Overfull \hbox (0.99153pt too wide) in paragraph at lines 881--882
[]\OT1/cmr/m/n/10.95 It pro-vides al-ter-na-tive re-sources (e.g., links to rel-e-vant pages). 
 []



[22]
Underfull \hbox (badness 10000) in paragraph at lines 942--942
[]|\OT1/cmr/bx/n/10.95 Flow of
 []


Overfull \hbox (15.4277pt too wide) in paragraph at lines 936--955
 [] 
 []


Underfull \hbox (badness 10000) in paragraph at lines 964--964
[]|\OT1/cmr/bx/n/10.95 Flow of
 []


Overfull \hbox (15.4277pt too wide) in paragraph at lines 958--979
 [] 
 []



[23]
Underfull \hbox (badness 10000) in paragraph at lines 988--988
[]|\OT1/cmr/bx/n/10.95 Flow of
 []


Overfull \hbox (15.4277pt too wide) in paragraph at lines 982--1002
 [] 
 []



[24]
Underfull \hbox (badness 10000) in paragraph at lines 1011--1011
[]|\OT1/cmr/bx/n/10.95 Flow of
 []


Overfull \hbox (15.4277pt too wide) in paragraph at lines 1005--1024
 [] 
 []



[25]
Underfull \hbox (badness 10000) in paragraph at lines 1033--1033
[]|\OT1/cmr/bx/n/10.95 Flow of
 []


Overfull \hbox (15.4277pt too wide) in paragraph at lines 1027--1046
 [] 
 []


Underfull \hbox (badness 10000) in paragraph at lines 1055--1055
[]|\OT1/cmr/bx/n/10.95 Flow of
 []


Overfull \hbox (15.4277pt too wide) in paragraph at lines 1049--1069
 [] 
 []



[26]
Underfull \hbox (badness 10000) in paragraph at lines 1078--1078
[]|\OT1/cmr/bx/n/10.95 Flow of
 []


Overfull \hbox (15.4277pt too wide) in paragraph at lines 1072--1092
 [] 
 []



[27]
Underfull \hbox (badness 10000) in paragraph at lines 1101--1101
[]|\OT1/cmr/bx/n/10.95 Flow of
 []


Overfull \hbox (15.4277pt too wide) in paragraph at lines 1095--1115
 [] 
 []


Underfull \hbox (badness 10000) in paragraph at lines 1124--1124
[]|\OT1/cmr/bx/n/10.95 Flow of
 []


Overfull \hbox (15.4277pt too wide) in paragraph at lines 1118--1136
 [] 
 []



[28]
Underfull \hbox (badness 10000) in paragraph at lines 1145--1145
[]|\OT1/cmr/bx/n/10.95 Flow of
 []


Overfull \hbox (15.4277pt too wide) in paragraph at lines 1139--1158
 [] 
 []


Underfull \hbox (badness 10000) in paragraph at lines 1167--1167
[]|\OT1/cmr/bx/n/10.95 Flow of
 []


Overfull \hbox (15.4277pt too wide) in paragraph at lines 1161--1180
 [] 
 []



[29]
Underfull \hbox (badness 10000) in paragraph at lines 1189--1189
[]|\OT1/cmr/bx/n/10.95 Flow of
 []


Overfull \hbox (15.4277pt too wide) in paragraph at lines 1183--1202
 [] 
 []


Underfull \hbox (badness 10000) in paragraph at lines 1211--1211
[]|\OT1/cmr/bx/n/10.95 Flow of
 []


Overfull \hbox (15.4277pt too wide) in paragraph at lines 1205--1238
 [] 
 []



[30]
Underfull \hbox (badness 10000) in paragraph at lines 1247--1247
[]|\OT1/cmr/bx/n/10.95 Flow of
 []


Overfull \hbox (15.4277pt too wide) in paragraph at lines 1241--1274
 [] 
 []



[31]
Underfull \hbox (badness 10000) in paragraph at lines 1283--1283
[]|\OT1/cmr/bx/n/10.95 Flow of
 []


Overfull \hbox (15.4277pt too wide) in paragraph at lines 1277--1311
 [] 
 []



[32]
Underfull \hbox (badness 10000) in paragraph at lines 1320--1320
[]|\OT1/cmr/bx/n/10.95 Flow of
 []


Overfull \hbox (15.4277pt too wide) in paragraph at lines 1314--1333
 [] 
 []



[33]
Underfull \hbox (badness 10000) in paragraph at lines 1342--1342
[]|\OT1/cmr/bx/n/10.95 Flow of
 []


Overfull \hbox (15.4277pt too wide) in paragraph at lines 1336--1355
 [] 
 []


Underfull \hbox (badness 10000) in paragraph at lines 1364--1364
[]|\OT1/cmr/bx/n/10.95 Flow of
 []


Overfull \hbox (15.4277pt too wide) in paragraph at lines 1358--1391
 [] 
 []



[34]
Underfull \hbox (badness 10000) in paragraph at lines 1400--1400
[]|\OT1/cmr/bx/n/10.95 Flow of
 []


Overfull \hbox (15.4277pt too wide) in paragraph at lines 1394--1420
 [] 
 []



[35]

[36]
<Usecase Diagram.png, id=362, 822.07124pt x 930.47626pt>
File: Usecase Diagram.png Graphic file (type png)
<use Usecase Diagram.png>
Package pdftex.def Info: Usecase Diagram.png  used on input line 1427.
(pdftex.def)             Requested size: 360.0pt x 407.4657pt.


[37
pdfTeX warning (ext4): destination with the same identifier (name{figure.1}) has been already used, duplicate ignored
<argument> ...shipout:D \box_use:N \l_shipout_box 
                                                  \__shipout_drop_firstpage_...
l.1431 \newpage
                <./Usecase Diagram.png>]
<Seq Diagram.png, id=369, 752.8125pt x 1233.60875pt>
File: Seq Diagram.png Graphic file (type png)
<use Seq Diagram.png>
Package pdftex.def Info: Seq Diagram.png  used on input line 1438.
(pdftex.def)             Requested size: 277.81258pt x 455.24408pt.


[38
pdfTeX warning (ext4): destination with the same identifier (name{figure.2}) has been already used, duplicate ignored
<argument> ...shipout:D \box_use:N \l_shipout_box 
                                                  \__shipout_drop_firstpage_...
l.1442     \newpage
                    <./Seq Diagram.png (PNG copy)>]
<Activity Diagram.png, id=375, 1061.01393pt x 1686.60112pt>
File: Activity Diagram.png Graphic file (type png)
<use Activity Diagram.png>
Package pdftex.def Info: Activity Diagram.png  used on input line 1447.
(pdftex.def)             Requested size: 304.28632pt x 483.69684pt.


[39
pdfTeX warning (ext4): destination with the same identifier (name{figure.3}) has been already used, duplicate ignored
<argument> ...shipout:D \box_use:N \l_shipout_box 
                                                  \__shipout_drop_firstpage_...
l.1451     \newpage
                    <./Activity Diagram.png>]
<StateChart - Faculty.png, id=382, 725.41013pt x 499.56638pt>
File: StateChart - Faculty.png Graphic file (type png)
<use StateChart - Faculty.png>
Package pdftex.def Info: StateChart - Faculty.png  used on input line 1456.
(pdftex.def)             Requested size: 247.88696pt x 170.71652pt.
<StateChart - Admin.png, id=383, 784.58119pt x 499.56638pt>
File: StateChart - Admin.png Graphic file (type png)
<use StateChart - Admin.png>
Package pdftex.def Info: StateChart - Admin.png  used on input line 1464.
(pdftex.def)             Requested size: 357.48781pt x 227.62204pt.
<StateChart - All users.png, id=384, 1277.82394pt x 1528.96219pt>
File: StateChart - All users.png Graphic file (type png)
<use StateChart - All users.png>
Package pdftex.def Info: StateChart - All users.png  used on input line 1472.
(pdftex.def)             Requested size: 404.252pt x 483.69684pt.

Overfull \hbox (44.252pt too wide) in paragraph at lines 1472--1473
 [][] 
 []



[40
pdfTeX warning (ext4): destination with the same identifier (name{figure.4}) has been already used, duplicate ignored
<argument> ...shipout:D \box_use:N \l_shipout_box 
                                                  \__shipout_drop_firstpage_...
l.1476     \FloatBarrier
                        
pdfTeX warning (ext4): destination with the same identifier (name{figure.5}) has been already used, duplicate ignored
<argument> ...shipout:D \box_use:N \l_shipout_box 
                                                  \__shipout_drop_firstpage_...
l.1476     \FloatBarrier
                         <./StateChart - Faculty.png> <./StateChart - Admin.png>]

[41
pdfTeX warning (ext4): destination with the same identifier (name{figure.6}) has been already used, duplicate ignored
<argument> ...shipout:D \box_use:N \l_shipout_box 
                                                  \__shipout_drop_firstpage_...
l.1480 
        <./StateChart - All users.png>]

[42]

[43]

[44]
Overfull \hbox (1.6905pt too wide) in paragraph at lines 1616--1617
[]\OT1/cmr/bx/n/10.95 Programming Lan-guage ([][][]\OT1/cmr/bx/it/10.95 Python[][][]\OT1/cmr/bx/n/10.95 )\OT1/cmr/m/n/10.95 : Man-ages server-side logic, API
 []



[45]

[46]
Underfull \hbox (badness 10000) in paragraph at lines 1673--1675

 []



[47] (main.aux)
 ***********
LaTeX2e <2024-11-01> patch level 2
L3 programming layer <2025-01-18>
 ***********
Package rerunfilecheck Info: File `main.out' has not changed.
(rerunfilecheck)             Checksum: C3A11E51A8B867F0BB3E3581D18F3EE5;3744.
 ) 
Here is how much of TeX's memory you used:
 11333 strings out of 473523
 176780 string characters out of 5714630
 591007 words of memory out of 5000000
 34308 multiletter control sequences out of 15000+600000
 565014 words of font info for 57 fonts, out of 8000000 for 9000
 1141 hyphenation exceptions out of 8191
 75i,9n,79p,923b,792s stack positions out of 10000i,1000n,20000p,200000b,200000s
 <C:\Users\mahmu\AppData\Local\MiKTeX\fonts/pk/ljfour/jknappen/ec/dpi600\tcrm1095.pk><C:/Users/mahmu/AppData/Local/Programs/MiKTeX/fonts/type1/public/amsfonts/cm/cmbx10.pfb><C:/Users/mahmu/AppData/Local/Programs/MiKTeX/fonts/type1/public/amsfonts/cm/cmbx12.pfb><C:/Users/mahmu/AppData/Local/Programs/MiKTeX/fonts/type1/public/amsfonts/cm/cmbxti10.pfb><C:/Users/mahmu/AppData/Local/Programs/MiKTeX/fonts/type1/public/amsfonts/cm/cmcsc10.pfb><C:/Users/mahmu/AppData/Local/Programs/MiKTeX/fonts/type1/public/amsfonts/cm/cmmi10.pfb><C:/Users/mahmu/AppData/Local/Programs/MiKTeX/fonts/type1/public/amsfonts/cm/cmr10.pfb><C:/Users/mahmu/AppData/Local/Programs/MiKTeX/fonts/type1/public/amsfonts/cm/cmr12.pfb><C:/Users/mahmu/AppData/Local/Programs/MiKTeX/fonts/type1/public/amsfonts/cm/cmti10.pfb><C:/Users/mahmu/AppData/Local/Programs/MiKTeX/fonts/type1/public/amsfonts/cm/cmtt10.pfb>
Output written on main.pdf (49 pages, 1005268 bytes).
PDF statistics:
 529 PDF objects out of 1000 (max. 8388607)
 132 named destinations out of 1000 (max. 500000)
 236 words of extra memory for PDF output out of 10000 (max. 10000000)

